0001_0012_0030_0052_0052.jpg 1 12 30 52 52
0002_0016_0028_0045_0045.jpg 1 16 28 45 45
0003_0006_0035_0058_0058.jpg 1 6 35 58 58
0004_0015_0018_0059_0059.jpg 1 15 18 59 59
0005_0008_0035_0049_0049.jpg 1 8 35 49 49
0006_0016_0040_0044_0044.jpg 1 16 40 44 44
0007_0034_0015_0060_0060.jpg 1 34 15 60 60
0008_0036_0026_0033_0033.jpg 1 36 26 33 33
0009_0032_0017_0028_0028.jpg 1 32 17 28 28
0010_0012_0036_0043_0043.jpg 1 12 36 43 43
0011_0022_0025_0068_0068.jpg 1 22 25 68 68
0012_0012_0043_0040_0040.jpg 1 12 43 40 40
0013_0042_0011_0043_0043.jpg 1 42 11 43 43
0014_0022_0022_0049_0049.jpg 1 22 22 49 49
0015_0041_0014_0041_0041.jpg 1 41 14 41 41
0016_0025_0029_0034_0034.jpg 1 25 29 34 34
0017_0034_0051_0038_0038.jpg 1 34 51 38 38
0018_0015_0025_0049_0049.jpg 1 15 25 49 49
0019_0029_0024_0058_0058.jpg 1 29 24 58 58
0020_0026_0056_0033_0033.jpg 1 26 56 33 33
0021_0020_0027_0034_0034.jpg 1 20 27 34 34
0022_0024_0025_0063_0063.jpg 1 24 25 63 63
0023_0036_0019_0028_0028.jpg 1 36 19 28 28
0024_0013_0034_0027_0027.jpg 1 13 34 27 27
0025_0021_0022_0052_0052.jpg 1 21 22 52 52
0026_0015_0021_0069_0069.jpg 1 15 21 69 69
0027_0052_0019_0028_0028.jpg 1 52 19 28 28
0028_0011_0014_0045_0045.jpg 1 11 14 45 45
0029_0032_0018_0035_0035.jpg 1 32 18 35 35
0030_0004_0012_0067_0067.jpg 1 4 12 67 67
0031_0012_0019_0047_0047.jpg 1 12 19 47 47
0032_0030_0034_0053_0053.jpg 1 30 34 53 53
0033_0026_0004_0055_0055.jpg 1 26 4 55 55
0034_0052_0057_0035_0035.jpg 1 52 57 35 35
0035_0007_0009_0067_0067.jpg 1 7 9 67 67
0036_0016_0021_0031_0031.jpg 1 16 21 31 31
0037_0019_0021_0061_0061.jpg 1 19 21 61 61
0038_0037_0015_0038_0038.jpg 1 37 15 38 38
0039_0016_0024_0069_0069.jpg 1 16 24 69 69
0040_0044_0005_0050_0050.jpg 1 44 5 50 50
0041_0022_0026_0035_0035.jpg 1 22 26 35 35
0042_0008_0014_0057_0057.jpg 1 8 14 57 57
0043_0005_0013_0052_0052.jpg 1 5 13 52 52
0044_0003_0021_0066_0066.jpg 1 3 21 66 66
0045_0011_0017_0059_0059.jpg 1 11 17 59 59
0046_0042_0052_0026_0026.jpg 1 42 52 26 26
0047_0008_0026_0046_0046.jpg 1 8 26 46 46
0048_0052_0017_0038_0038.jpg 1 52 17 38 38
0049_0036_0008_0041_0041.jpg 1 36 8 41 41
0050_0011_0029_0064_0064.jpg 1 11 29 64 64
0051_0031_0029_0045_0045.jpg 1 31 29 45 45
0052_0025_0004_0058_0058.jpg 1 25 4 58 58
0053_0035_0058_0034_0034.jpg 1 35 58 34 34
0054_0037_0032_0053_0053.jpg 1 37 32 53 53
0055_0014_0006_0046_0046.jpg 1 14 6 46 46
0056_0047_0041_0026_0026.jpg 1 47 41 26 26
0057_0041_0005_0048_0048.jpg 1 41 5 48 48
0058_0042_0006_0046_0046.jpg 1 42 6 46 46
0059_0039_0013_0043_0043.jpg 1 39 13 43 43
0060_0023_0020_0056_0056.jpg 1 23 20 56 56
0061_0046_0006_0039_0039.jpg 1 46 6 39 39
0062_0051_0056_0033_0033.jpg 1 51 56 33 33
0063_0035_0049_0025_0025.jpg 1 35 49 25 25
0064_0007_0011_0058_0058.jpg 1 7 11 58 58
0065_0021_0037_0047_0047.jpg 1 21 37 47 47
0066_0064_0009_0027_0027.jpg 1 64 9 27 27
0067_0023_0026_0058_0058.jpg 1 23 26 58 58
0068_0039_0012_0053_0053.jpg 1 39 12 53 53
0069_0027_0039_0048_0048.jpg 1 27 39 48 48
0070_0018_0010_0055_0055.jpg 1 18 10 55 55
0071_0025_0019_0048_0048.jpg 1 25 19 48 48
0072_0046_0030_0031_0031.jpg 1 46 30 31 31
0073_0041_0024_0041_0041.jpg 1 41 24 41 41
